<?xml version="1.0" encoding="UTF-8"?>
<!-- Generated by org.testng.reporters.JUnitReportReporter -->
<testsuite skipped="0" hostname="Monikas-MacBook-Air.local" name="API.jsonvalidation" tests="1" failures="0" timestamp="2020-05-01T17:10:36 IST" time="2.795" errors="0">
  <testcase name="getresponse" time="2.795" classname="API.jsonvalidation"/>
  <system-out/>
</testsuite> <!-- API.jsonvalidation -->
