<?xml version="1.0" encoding="UTF-8"?>
<!-- Generated by org.testng.reporters.JUnitReportReporter -->
<testsuite hostname="Monikas-MacBook-Air.local" failures="0" tests="1" name="API.jsonvalidation" time="3.201" errors="0" timestamp="2020-04-10T14:24:16 IST" skipped="0">
  <testcase classname="API.jsonvalidation" name="getresponse" time="3.201"/>
  <system-out/>
</testsuite> <!-- API.jsonvalidation -->
