<?xml version="1.0" encoding="UTF-8"?>
<!-- Generated by org.testng.reporters.JUnitReportReporter -->
<testsuite hostname="Monikas-MacBook-Air.local" failures="0" tests="1" name="Website.Cashify.Carttotal" time="2.178" errors="0" timestamp="2020-04-09T19:31:23 IST" skipped="0">
  <testcase classname="Website.Cashify.Carttotal" name="Cartvalue" time="2.178"/>
  <system-out/>
</testsuite> <!-- Website.Cashify.Carttotal -->
