<?xml version="1.0" encoding="UTF-8"?>
<!-- Generated by org.testng.reporters.JUnitReportReporter -->
<testsuite hostname="Monikas-MacBook-Air.local" failures="0" tests="1" name="Website.Cashify.fillForm" time="1.696" errors="0" timestamp="2020-04-12T11:21:03 IST" skipped="0">
  <testcase classname="Website.Cashify.fillForm" name="Couponapply" time="1.696"/>
  <system-out/>
</testsuite> <!-- Website.Cashify.fillForm -->
