<?xml version="1.0" encoding="UTF-8"?>
<!-- Generated by org.testng.reporters.JUnitReportReporter -->
<testsuite skipped="0" hostname="Monikas-MacBook-Air.local" name="Website.Cashify.Carttotal" tests="1" failures="0" timestamp="2020-06-12T12:00:32 IST" time="0.496" errors="0">
  <testcase name="Cartvalue" time="0.496" classname="Website.Cashify.Carttotal"/>
  <system-out/>
</testsuite> <!-- Website.Cashify.Carttotal -->
